# JRE version: OpenJDK Runtime Environment Temurin-17.0.10+7 (17.0.10+7) (build 17.0.10+7)
# Java VM: OpenJDK 64-Bit Server VM Temurin-17.0.10+7 (17.0.10+7, mixed mode, tiered, compressed oops, compressed class ptrs, parallel gc, windows-amd64)
GC Precious Log:
 CPUs: 8 total, 8 available
 Memory: 3767M
 Large Page Support: Disabled
 NUMA Support: Disabled
 Compressed Oops: Enabled (32-bit)
 Alignments: Space 512K, Generation 512K, Heap 2M
 Heap Min Capacity: 100M
 Heap Initial Capacity: 100M
 Heap Max Capacity: 1G
 Pre-touch: Disabled
 Parallel Workers: 8
Heap:
 PSYoungGen      total 21504K, used 19705K [0x00000000eab00000, 0x00000000ec180000, 0x0000000100000000)
  eden space 19968K, 91% used [0x00000000eab00000,0x00000000ebcd67e0,0x00000000ebe80000)
  from space 1536K, 93% used [0x00000000ebe80000,0x00000000ebfe8000,0x00000000ec000000)
  to   space 1536K, 0% used [0x00000000ec000000,0x00000000ec000000,0x00000000ec180000)
 ParOldGen       total 68608K, used 29740K [0x00000000c0000000, 0x00000000c4300000, 0x00000000eab00000)
  object space 68608K, 43% used [0x00000000c0000000,0x00000000c1d0b0f0,0x00000000c4300000)
 Metaspace       used 45241K, committed 46016K, reserved 1114112K
  class space    used 4574K, committed 4928K, reserved 1048576K
GC Heap History (20 events):
Event: 35.476 GC heap before
{Heap before GC invocations=16 (full 2):
 PSYoungGen      total 24064K, used 24000K [0x00000000eab00000, 0x00000000ec500000, 0x0000000100000000)
  eden space 22016K, 100% used [0x00000000eab00000,0x00000000ec080000,0x00000000ec080000)
  from space 2048K, 96% used [0x00000000ec200000,0x00000000ec3f0000,0x00000000ec400000)
  to   space 1024K, 0% used [0x00000000ec400000,0x00000000ec400000,0x00000000ec500000)
 ParOldGen       total 68608K, used 18526K [0x00000000c0000000, 0x00000000c4300000, 0x00000000eab00000)
  object space 68608K, 27% used [0x00000000c0000000,0x00000000c1217b78,0x00000000c4300000)
 Metaspace       used 37144K, committed 37824K, reserved 1114112K
  class space    used 3767K, committed 4096K, reserved 1048576K
}
Event: 35.487 GC heap after
{Heap after GC invocations=16 (full 2):
 PSYoungGen      total 22016K, used 1024K [0x00000000eab00000, 0x00000000ec980000, 0x0000000100000000)
  eden space 20992K, 0% used [0x00000000eab00000,0x00000000eab00000,0x00000000ebf80000)
  from space 1024K, 100% used [0x00000000ec400000,0x00000000ec500000,0x00000000ec500000)
  to   space 4608K, 0% used [0x00000000ebf80000,0x00000000ebf80000,0x00000000ec400000)
 ParOldGen       total 68608K, used 21606K [0x00000000c0000000, 0x00000000c4300000, 0x00000000eab00000)
  object space 68608K, 31% used [0x00000000c0000000,0x00000000c1519b88,0x00000000c4300000)
 Metaspace       used 37144K, committed 37824K, reserved 1114112K
  class space    used 3767K, committed 4096K, reserved 1048576K
}
Event: 35.619 GC heap before
{Heap before GC invocations=17 (full 2):
 PSYoungGen      total 22016K, used 22016K [0x00000000eab00000, 0x00000000ec980000, 0x0000000100000000)
  eden space 20992K, 100% used [0x00000000eab00000,0x00000000ebf80000,0x00000000ebf80000)
  from space 1024K, 100% used [0x00000000ec400000,0x00000000ec500000,0x00000000ec500000)
  to   space 4608K, 0% used [0x00000000ebf80000,0x00000000ebf80000,0x00000000ec400000)
 ParOldGen       total 68608K, used 21606K [0x00000000c0000000, 0x00000000c4300000, 0x00000000eab00000)
  object space 68608K, 31% used [0x00000000c0000000,0x00000000c1519b88,0x00000000c4300000)
 Metaspace       used 37144K, committed 37824K, reserved 1114112K
  class space    used 3767K, committed 4096K, reserved 1048576K
}
Event: 35.626 GC heap after
{Heap after GC invocations=17 (full 2):
 PSYoungGen      total 23040K, used 1856K [0x00000000eab00000, 0x00000000ec580000, 0x0000000100000000)
  eden space 20992K, 0% used [0x00000000eab00000,0x00000000eab00000,0x00000000ebf80000)
  from space 2048K, 90% used [0x00000000ebf80000,0x00000000ec150000,0x00000000ec180000)
  to   space 3072K, 0% used [0x00000000ec280000,0x00000000ec280000,0x00000000ec580000)
 ParOldGen       total 68608K, used 22662K [0x00000000c0000000, 0x00000000c4300000, 0x00000000eab00000)
  object space 68608K, 33% used [0x00000000c0000000,0x00000000c1621b88,0x00000000c4300000)
 Metaspace       used 37144K, committed 37824K, reserved 1114112K
  class space    used 3767K, committed 4096K, reserved 1048576K
}
Event: 36.973 GC heap before
{Heap before GC invocations=18 (full 2):
 PSYoungGen      total 23040K, used 22848K [0x00000000eab00000, 0x00000000ec580000, 0x0000000100000000)
  eden space 20992K, 100% used [0x00000000eab00000,0x00000000ebf80000,0x00000000ebf80000)
  from space 2048K, 90% used [0x00000000ebf80000,0x00000000ec150000,0x00000000ec180000)
  to   space 3072K, 0% used [0x00000000ec280000,0x00000000ec280000,0x00000000ec580000)
 ParOldGen       total 68608K, used 22662K [0x00000000c0000000, 0x00000000c4300000, 0x00000000eab00000)
  object space 68608K, 33% used [0x00000000c0000000,0x00000000c1621b88,0x00000000c4300000)
 Metaspace       used 37698K, committed 38400K, reserved 1114112K
  class space    used 3816K, committed 4160K, reserved 1048576K
}
Event: 36.980 GC heap after
{Heap after GC invocations=18 (full 2):
 PSYoungGen      total 23552K, used 2272K [0x00000000eab00000, 0x00000000ec500000, 0x0000000100000000)
  eden space 20992K, 0% used [0x00000000eab00000,0x00000000eab00000,0x00000000ebf80000)
  from space 2560K, 88% used [0x00000000ec280000,0x00000000ec4b8000,0x00000000ec500000)
  to   space 2560K, 0% used [0x00000000ec000000,0x00000000ec000000,0x00000000ec280000)
 ParOldGen       total 68608K, used 24413K [0x00000000c0000000, 0x00000000c4300000, 0x00000000eab00000)
  object space 68608K, 35% used [0x00000000c0000000,0x00000000c17d7408,0x00000000c4300000)
 Metaspace       used 37698K, committed 38400K, reserved 1114112K
  class space    used 3816K, committed 4160K, reserved 1048576K
}
Event: 38.766 GC heap before
{Heap before GC invocations=19 (full 2):
 PSYoungGen      total 23552K, used 23264K [0x00000000eab00000, 0x00000000ec500000, 0x0000000100000000)
  eden space 20992K, 100% used [0x00000000eab00000,0x00000000ebf80000,0x00000000ebf80000)
  from space 2560K, 88% used [0x00000000ec280000,0x00000000ec4b8000,0x00000000ec500000)
  to   space 2560K, 0% used [0x00000000ec000000,0x00000000ec000000,0x00000000ec280000)
 ParOldGen       total 68608K, used 24413K [0x00000000c0000000, 0x00000000c4300000, 0x00000000eab00000)
  object space 68608K, 35% used [0x00000000c0000000,0x00000000c17d7408,0x00000000c4300000)
 Metaspace       used 39580K, committed 40320K, reserved 1114112K
  class space    used 4037K, committed 4416K, reserved 1048576K
}
Event: 38.773 GC heap after
{Heap after GC invocations=19 (full 2):
 PSYoungGen      total 23040K, used 1641K [0x00000000eab00000, 0x00000000ec380000, 0x0000000100000000)
  eden space 20992K, 0% used [0x00000000eab00000,0x00000000eab00000,0x00000000ebf80000)
  from space 2048K, 80% used [0x00000000ec000000,0x00000000ec19a7b0,0x00000000ec200000)
  to   space 1536K, 0% used [0x00000000ec200000,0x00000000ec200000,0x00000000ec380000)
 ParOldGen       total 68608K, used 26593K [0x00000000c0000000, 0x00000000c4300000, 0x00000000eab00000)
  object space 68608K, 38% used [0x00000000c0000000,0x00000000c19f8760,0x00000000c4300000)
 Metaspace       used 39580K, committed 40320K, reserved 1114112K
  class space    used 4037K, committed 4416K, reserved 1048576K
}
Event: 40.422 GC heap before
{Heap before GC invocations=20 (full 2):
 PSYoungGen      total 23040K, used 22633K [0x00000000eab00000, 0x00000000ec380000, 0x0000000100000000)
  eden space 20992K, 100% used [0x00000000eab00000,0x00000000ebf80000,0x00000000ebf80000)
  from space 2048K, 80% used [0x00000000ec000000,0x00000000ec19a7b0,0x00000000ec200000)
  to   space 1536K, 0% used [0x00000000ec200000,0x00000000ec200000,0x00000000ec380000)
 ParOldGen       total 68608K, used 26593K [0x00000000c0000000, 0x00000000c4300000, 0x00000000eab00000)
  object space 68608K, 38% used [0x00000000c0000000,0x00000000c19f8760,0x00000000c4300000)
 Metaspace       used 40563K, committed 41344K, reserved 1114112K
  class space    used 4103K, committed 4480K, reserved 1048576K
}
Event: 40.429 GC heap after
{Heap after GC invocations=20 (full 2):
 PSYoungGen      total 21504K, used 1505K [0x00000000eab00000, 0x00000000ec680000, 0x0000000100000000)
  eden space 19968K, 0% used [0x00000000eab00000,0x00000000eab00000,0x00000000ebe80000)
  from space 1536K, 98% used [0x00000000ec200000,0x00000000ec3786d8,0x00000000ec380000)
  to   space 3584K, 0% used [0x00000000ebe80000,0x00000000ebe80000,0x00000000ec200000)
 ParOldGen       total 68608K, used 28099K [0x00000000c0000000, 0x00000000c4300000, 0x00000000eab00000)
  object space 68608K, 40% used [0x00000000c0000000,0x00000000c1b70ff0,0x00000000c4300000)
 Metaspace       used 40563K, committed 41344K, reserved 1114112K
  class space    used 4103K, committed 4480K, reserved 1048576K
}
Event: 41.224 GC heap before
{Heap before GC invocations=21 (full 2):
 PSYoungGen      total 21504K, used 21464K [0x00000000eab00000, 0x00000000ec680000, 0x0000000100000000)
  eden space 19968K, 99% used [0x00000000eab00000,0x00000000ebe7d9e0,0x00000000ebe80000)
  from space 1536K, 98% used [0x00000000ec200000,0x00000000ec3786d8,0x00000000ec380000)
  to   space 3584K, 0% used [0x00000000ebe80000,0x00000000ebe80000,0x00000000ec200000)
 ParOldGen       total 68608K, used 28099K [0x00000000c0000000, 0x00000000c4300000, 0x00000000eab00000)
  object space 68608K, 40% used [0x00000000c0000000,0x00000000c1b70ff0,0x00000000c4300000)
 Metaspace       used 41292K, committed 42112K, reserved 1114112K
  class space    used 4175K, committed 4544K, reserved 1048576K
}
Event: 41.227 GC heap after
{Heap after GC invocations=21 (full 2):
 PSYoungGen      total 20480K, used 128K [0x00000000eab00000, 0x00000000ec280000, 0x0000000100000000)
  eden space 19968K, 0% used [0x00000000eab00000,0x00000000eab00000,0x00000000ebe80000)
  from space 512K, 25% used [0x00000000ebe80000,0x00000000ebea0000,0x00000000ebf00000)
  to   space 1536K, 0% used [0x00000000ec100000,0x00000000ec100000,0x00000000ec280000)
 ParOldGen       total 68608K, used 28275K [0x00000000c0000000, 0x00000000c4300000, 0x00000000eab00000)
  object space 68608K, 41% used [0x00000000c0000000,0x00000000c1b9cff0,0x00000000c4300000)
 Metaspace       used 41292K, committed 42112K, reserved 1114112K
  class space    used 4175K, committed 4544K, reserved 1048576K
}
Event: 43.905 GC heap before
{Heap before GC invocations=22 (full 2):
 PSYoungGen      total 20480K, used 20059K [0x00000000eab00000, 0x00000000ec280000, 0x0000000100000000)
  eden space 19968K, 99% used [0x00000000eab00000,0x00000000ebe76f38,0x00000000ebe80000)
  from space 512K, 25% used [0x00000000ebe80000,0x00000000ebea0000,0x00000000ebf00000)
  to   space 1536K, 0% used [0x00000000ec100000,0x00000000ec100000,0x00000000ec280000)
 ParOldGen       total 68608K, used 28275K [0x00000000c0000000, 0x00000000c4300000, 0x00000000eab00000)
  object space 68608K, 41% used [0x00000000c0000000,0x00000000c1b9cff0,0x00000000c4300000)
 Metaspace       used 42369K, committed 43200K, reserved 1114112K
  class space    used 4307K, committed 4672K, reserved 1048576K
}
Event: 43.909 GC heap after
{Heap after GC invocations=22 (full 2):
 PSYoungGen      total 20480K, used 448K [0x00000000eab00000, 0x00000000ec180000, 0x0000000100000000)
  eden space 19968K, 0% used [0x00000000eab00000,0x00000000eab00000,0x00000000ebe80000)
  from space 512K, 87% used [0x00000000ec100000,0x00000000ec170000,0x00000000ec180000)
  to   space 1024K, 0% used [0x00000000ebf80000,0x00000000ebf80000,0x00000000ec080000)
 ParOldGen       total 68608K, used 28323K [0x00000000c0000000, 0x00000000c4300000, 0x00000000eab00000)
  object space 68608K, 41% used [0x00000000c0000000,0x00000000c1ba8ff0,0x00000000c4300000)
 Metaspace       used 42369K, committed 43200K, reserved 1114112K
  class space    used 4307K, committed 4672K, reserved 1048576K
}
Event: 46.142 GC heap before
{Heap before GC invocations=23 (full 2):
 PSYoungGen      total 20480K, used 20416K [0x00000000eab00000, 0x00000000ec180000, 0x0000000100000000)
  eden space 19968K, 100% used [0x00000000eab00000,0x00000000ebe80000,0x00000000ebe80000)
  from space 512K, 87% used [0x00000000ec100000,0x00000000ec170000,0x00000000ec180000)
  to   space 1024K, 0% used [0x00000000ebf80000,0x00000000ebf80000,0x00000000ec080000)
 ParOldGen       total 68608K, used 28323K [0x00000000c0000000, 0x00000000c4300000, 0x00000000eab00000)
  object space 68608K, 41% used [0x00000000c0000000,0x00000000c1ba8ff0,0x00000000c4300000)
 Metaspace       used 43579K, committed 44352K, reserved 1114112K
  class space    used 4425K, committed 4800K, reserved 1048576K
}
Event: 46.147 GC heap after
{Heap after GC invocations=23 (full 2):
 PSYoungGen      total 20992K, used 480K [0x00000000eab00000, 0x00000000ec180000, 0x0000000100000000)
  eden space 19968K, 0% used [0x00000000eab00000,0x00000000eab00000,0x00000000ebe80000)
  from space 1024K, 46% used [0x00000000ebf80000,0x00000000ebff8000,0x00000000ec080000)
  to   space 512K, 0% used [0x00000000ec100000,0x00000000ec100000,0x00000000ec180000)
 ParOldGen       total 68608K, used 28619K [0x00000000c0000000, 0x00000000c4300000, 0x00000000eab00000)
  object space 68608K, 41% used [0x00000000c0000000,0x00000000c1bf2ff0,0x00000000c4300000)
 Metaspace       used 43579K, committed 44352K, reserved 1114112K
  class space    used 4425K, committed 4800K, reserved 1048576K
}
Event: 47.121 GC heap before
{Heap before GC invocations=24 (full 2):
 PSYoungGen      total 20992K, used 20448K [0x00000000eab00000, 0x00000000ec180000, 0x0000000100000000)
  eden space 19968K, 100% used [0x00000000eab00000,0x00000000ebe80000,0x00000000ebe80000)
  from space 1024K, 46% used [0x00000000ebf80000,0x00000000ebff8000,0x00000000ec080000)
  to   space 512K, 0% used [0x00000000ec100000,0x00000000ec100000,0x00000000ec180000)
 ParOldGen       total 68608K, used 28619K [0x00000000c0000000, 0x00000000c4300000, 0x00000000eab00000)
  object space 68608K, 41% used [0x00000000c0000000,0x00000000c1bf2ff0,0x00000000c4300000)
 Metaspace       used 43985K, committed 44800K, reserved 1114112K
  class space    used 4450K, committed 4800K, reserved 1048576K
}
Event: 47.126 GC heap after
{Heap after GC invocations=24 (full 2):
 PSYoungGen      total 20480K, used 512K [0x00000000eab00000, 0x00000000ec180000, 0x0000000100000000)
  eden space 19968K, 0% used [0x00000000eab00000,0x00000000eab00000,0x00000000ebe80000)
  from space 512K, 100% used [0x00000000ec100000,0x00000000ec180000,0x00000000ec180000)
  to   space 1536K, 0% used [0x00000000ebe80000,0x00000000ebe80000,0x00000000ec000000)
 ParOldGen       total 68608K, used 29412K [0x00000000c0000000, 0x00000000c4300000, 0x00000000eab00000)
  object space 68608K, 42% used [0x00000000c0000000,0x00000000c1cb90e0,0x00000000c4300000)
 Metaspace       used 43985K, committed 44800K, reserved 1114112K
  class space    used 4450K, committed 4800K, reserved 1048576K
}
Event: 48.797 GC heap before
{Heap before GC invocations=25 (full 2):
 PSYoungGen      total 20480K, used 20480K [0x00000000eab00000, 0x00000000ec180000, 0x0000000100000000)
  eden space 19968K, 100% used [0x00000000eab00000,0x00000000ebe80000,0x00000000ebe80000)
  from space 512K, 100% used [0x00000000ec100000,0x00000000ec180000,0x00000000ec180000)
  to   space 1536K, 0% used [0x00000000ebe80000,0x00000000ebe80000,0x00000000ec000000)
 ParOldGen       total 68608K, used 29412K [0x00000000c0000000, 0x00000000c4300000, 0x00000000eab00000)
  object space 68608K, 42% used [0x00000000c0000000,0x00000000c1cb90e0,0x00000000c4300000)
 Metaspace       used 44875K, committed 45568K, reserved 1114112K
  class space    used 4533K, committed 4864K, reserved 1048576K
}
Event: 48.802 GC heap after
{Heap after GC invocations=25 (full 2):
 PSYoungGen      total 21504K, used 1440K [0x00000000eab00000, 0x00000000ec180000, 0x0000000100000000)
  eden space 19968K, 0% used [0x00000000eab00000,0x00000000eab00000,0x00000000ebe80000)
  from space 1536K, 93% used [0x00000000ebe80000,0x00000000ebfe8000,0x00000000ec000000)
  to   space 1536K, 0% used [0x00000000ec000000,0x00000000ec000000,0x00000000ec180000)
 ParOldGen       total 68608K, used 29740K [0x00000000c0000000, 0x00000000c4300000, 0x00000000eab00000)
  object space 68608K, 43% used [0x00000000c0000000,0x00000000c1d0b0f0,0x00000000c4300000)
 Metaspace       used 44875K, committed 45568K, reserved 1114112K
  class space    used 4533K, committed 4864K, reserved 1048576K
}

